
CDmetaPOP Release 2025.07.28-09:09:09 Version version 3.08

Author(s): Erin L Landguth, Casey Day, et al.

Session runtime inputs from: final-input/RunVars.csv


Session popvars inputs from: popvars/PopVars.csv


On run: 0


DoPreProcess(): 0:00:00.406648
GetMetrics() Initial: 0:00:00.021545
The file ind-1.csv has been created
DoUpdate(): 0:00:00.351502
DoCDClimate(): 0:00:00.049944
DoMate() and DoOffspring: 0:00:00.088783
The file ind0.csv has been created
Second DoUpdate(): 0:00:00.246869
DoEmigration(): 0:00:00.726144
DoOutMortality(): 0:00:00.085464
The file ind0.csv has been created
Third DoUpdate(): 0:00:00.925457
DoImmigration(): 0:00:00.307628
DoInMortality(): 0:00:00.000072
GetMetrics(): 0:00:00.064444
End Generation/Year Loop0: 0:00:02.500966

DoCDClimate(): 0:00:00.012214
DoMate() and DoOffspring: 0:00:00.048160
Second DoUpdate(): 0:00:00.046928
DoEmigration(): 0:00:00.465979
DoOutMortality(): 0:00:00.058730
Third DoUpdate(): 0:00:00.146712
DoImmigration(): 0:00:00.336377
DoInMortality(): 0:00:00.000069
GetMetrics(): 0:00:00.030244
End Generation/Year Loop1: 0:00:01.146597

DoCDClimate(): 0:00:00.012690
DoMate() and DoOffspring: 0:00:00.023216
Second DoUpdate(): 0:00:00.022971
DoEmigration(): 0:00:00.092779
DoOutMortality(): 0:00:00.018597
Third DoUpdate(): 0:00:00.034178
DoImmigration(): 0:00:00.114510
DoInMortality(): 0:00:00.000055
GetMetrics(): 0:00:00.010703
End Generation/Year Loop2: 0:00:00.330575

DoCDClimate(): 0:00:00.016349
DoMate() and DoOffspring: 0:00:00.016340
Second DoUpdate(): 0:00:00.007598
DoEmigration(): 0:00:00.055640
DoOutMortality(): 0:00:00.007963
Third DoUpdate(): 0:00:00.014382
DoImmigration(): 0:00:00.060465
DoInMortality(): 0:00:00.000051
GetMetrics(): 0:00:00.009344
End Generation/Year Loop3: 0:00:00.189028

DoCDClimate(): 0:00:00.019480
DoMate() and DoOffspring: 0:00:00.009791
Second DoUpdate(): 0:00:00.007850
DoEmigration(): 0:00:00.036289
DoOutMortality(): 0:00:00.006540
Third DoUpdate(): 0:00:00.012902
DoImmigration(): 0:00:00.041532
DoInMortality(): 0:00:00.000052
GetMetrics(): 0:00:00.007924
End Generation/Year Loop4: 0:00:00.143082

DoCDClimate(): 0:00:00.012124
DoMate() and DoOffspring: 0:00:00.018563
Second DoUpdate(): 0:00:00.004610
DoEmigration(): 0:00:00.029781
DoOutMortality(): 0:00:00.004761
Third DoUpdate(): 0:00:00.008121
DoImmigration(): 0:00:00.029547
DoInMortality(): 0:00:00.000050
GetMetrics(): 0:00:00.006573
End Generation/Year Loop5: 0:00:00.115201

DoCDClimate(): 0:00:00.009799
DoMate() and DoOffspring: 0:00:00.006345
Second DoUpdate(): 0:00:00.002988
DoEmigration(): 0:00:00.024116
DoOutMortality(): 0:00:00.003253
Third DoUpdate(): 0:00:00.005100
DoImmigration(): 0:00:00.019015
DoInMortality(): 0:00:00.000032
GetMetrics(): 0:00:00.004720
End Generation/Year Loop6: 0:00:00.076179

DoCDClimate(): 0:00:00.007129
DoMate() and DoOffspring: 0:00:00.003173
Second DoUpdate(): 0:00:00.002614
DoEmigration(): 0:00:00.012679
DoOutMortality(): 0:00:00.003440
Third DoUpdate(): 0:00:00.004272
DoImmigration(): 0:00:00.016708
DoInMortality(): 0:00:00.000033
GetMetrics(): 0:00:00.004265
End Generation/Year Loop7: 0:00:00.055035

DoCDClimate(): 0:00:00.006772
DoMate() and DoOffspring: 0:00:00.002207
Second DoUpdate(): 0:00:00.002055
DoEmigration(): 0:00:00.009767
DoOutMortality(): 0:00:00.002060
Third DoUpdate(): 0:00:00.002967
DoImmigration(): 0:00:00.014796
DoInMortality(): 0:00:00.000036
GetMetrics(): 0:00:00.004228
End Generation/Year Loop8: 0:00:00.045543

DoCDClimate(): 0:00:00.008667
DoMate() and DoOffspring: 0:00:00.002280
Second DoUpdate(): 0:00:00.001799
DoEmigration(): 0:00:00.028504
DoOutMortality(): 0:00:00.003140
Third DoUpdate(): 0:00:00.004702
DoImmigration(): 0:00:00.017687
DoInMortality(): 0:00:00.000044
GetMetrics(): 0:00:00.005389
End Generation/Year Loop9: 0:00:00.073026

DoCDClimate(): 0:00:00.009183
DoMate() and DoOffspring: 0:00:00.003325
Second DoUpdate(): 0:00:00.002632
DoEmigration(): 0:00:00.008642
DoOutMortality(): 0:00:00.002000
Third DoUpdate(): 0:00:00.004614
DoImmigration(): 0:00:00.021569
DoInMortality(): 0:00:00.000051
GetMetrics(): 0:00:00.006116
End Generation/Year Loop10: 0:00:00.058866

DoCDClimate(): 0:00:00.011230
DoMate() and DoOffspring: 0:00:00.003623
Second DoUpdate(): 0:00:00.002462
DoEmigration(): 0:00:00.017847
DoOutMortality(): 0:00:00.003763
Third DoUpdate(): 0:00:00.005891
DoImmigration(): 0:00:00.018144
DoInMortality(): 0:00:00.000050
GetMetrics(): 0:00:00.005807
End Generation/Year Loop11: 0:00:00.069473

DoCDClimate(): 0:00:00.013305
DoMate() and DoOffspring: 0:00:00.004427
Second DoUpdate(): 0:00:00.002765
DoEmigration(): 0:00:00.005174
DoOutMortality(): 0:00:00.001788
Third DoUpdate(): 0:00:00.003190
DoImmigration(): 0:00:00.016210
DoInMortality(): 0:00:00.000049
GetMetrics(): 0:00:00.007490
End Generation/Year Loop12: 0:00:00.055136

DoCDClimate(): 0:00:00.011228
DoMate() and DoOffspring: 0:00:00.003295
Second DoUpdate(): 0:00:00.002419
DoEmigration(): 0:00:00.014764
DoOutMortality(): 0:00:00.002289
Third DoUpdate(): 0:00:00.003259
DoImmigration(): 0:00:00.011712
DoInMortality(): 0:00:00.000037
GetMetrics(): 0:00:00.004138
End Generation/Year Loop13: 0:00:00.053840

DoCDClimate(): 0:00:00.013000
DoMate() and DoOffspring: 0:00:00.003973
Second DoUpdate(): 0:00:00.003435
DoEmigration(): 0:00:00.008690
DoOutMortality(): 0:00:00.002048
Third DoUpdate(): 0:00:00.003530
DoImmigration(): 0:00:00.015075
DoInMortality(): 0:00:00.000067
GetMetrics(): 0:00:00.005697
End Generation/Year Loop14: 0:00:00.056130

DoCDClimate(): 0:00:00.010301
DoMate() and DoOffspring: 0:00:00.004856
Second DoUpdate(): 0:00:00.002208
DoEmigration(): 0:00:00.013117
DoOutMortality(): 0:00:00.003704
Third DoUpdate(): 0:00:00.003264
DoImmigration(): 0:00:00.010974
DoInMortality(): 0:00:00.000039
GetMetrics(): 0:00:00.004346
End Generation/Year Loop15: 0:00:00.053635

DoCDClimate(): 0:00:00.007553
DoMate() and DoOffspring: 0:00:00.001819
Second DoUpdate(): 0:00:00.005397
DoEmigration(): 0:00:00.015122
DoOutMortality(): 0:00:00.002308
Third DoUpdate(): 0:00:00.003496
DoImmigration(): 0:00:00.015077
DoInMortality(): 0:00:00.000050
GetMetrics(): 0:00:00.005759
End Generation/Year Loop16: 0:00:00.057122

DoCDClimate(): 0:00:00.011780
DoMate() and DoOffspring: 0:00:00.002718
Second DoUpdate(): 0:00:00.002143
DoEmigration(): 0:00:00.018889
DoOutMortality(): 0:00:00.001700
Third DoUpdate(): 0:00:00.003420
DoImmigration(): 0:00:00.009742
DoInMortality(): 0:00:00.000033
GetMetrics(): 0:00:00.003719
End Generation/Year Loop17: 0:00:00.054635

DoCDClimate(): 0:00:00.006953
DoMate() and DoOffspring: 0:00:00.002253
Second DoUpdate(): 0:00:00.001577
DoEmigration(): 0:00:00.015450
DoOutMortality(): 0:00:00.001724
Third DoUpdate(): 0:00:00.003953
DoImmigration(): 0:00:00.012122
DoInMortality(): 0:00:00.000033
GetMetrics(): 0:00:00.003805
End Generation/Year Loop18: 0:00:00.048352

DoCDClimate(): 0:00:00.007455
DoMate() and DoOffspring: 0:00:00.001979
Second DoUpdate(): 0:00:00.001693
DoEmigration(): 0:00:00.003877
DoOutMortality(): 0:00:00.001418
Third DoUpdate(): 0:00:00.002949
DoImmigration(): 0:00:00.009816
DoInMortality(): 0:00:00.000032
GetMetrics(): 0:00:00.007645
End Generation/Year Loop19: 0:00:00.037357

DoCDClimate(): 0:00:00.007216
DoMate() and DoOffspring: 0:00:00.002205
The file ind20.csv has been created
Second DoUpdate(): 0:00:00.009760
DoEmigration(): 0:00:00.003675
DoOutMortality(): 0:00:00.001019
The file ind20.csv has been created
Third DoUpdate(): 0:00:00.035224
DoImmigration(): 0:00:00.013445
DoInMortality(): 0:00:00.000053
GetMetrics(): 0:00:00.008913
End Generation/Year Loop20: 0:00:00.082068

DoCDClimate(): 0:00:00.011318
DoMate() and DoOffspring: 0:00:00.003850
Second DoUpdate(): 0:00:00.001991
DoEmigration(): 0:00:00.003589
DoOutMortality(): 0:00:00.001752
Third DoUpdate(): 0:00:00.002429
DoImmigration(): 0:00:00.011833
DoInMortality(): 0:00:00.000052
GetMetrics(): 0:00:00.005143
End Generation/Year Loop21: 0:00:00.042843

DoCDClimate(): 0:00:00.013100
DoMate() and DoOffspring: 0:00:00.002640
Second DoUpdate(): 0:00:00.001709
DoEmigration(): 0:00:00.004479
DoOutMortality(): 0:00:00.001055
Third DoUpdate(): 0:00:00.001964
DoImmigration(): 0:00:00.008749
DoInMortality(): 0:00:00.000054
GetMetrics(): 0:00:00.007346
End Generation/Year Loop22: 0:00:00.041899

DoCDClimate(): 0:00:00.011639
DoMate() and DoOffspring: 0:00:00.002130
Second DoUpdate(): 0:00:00.001646
DoEmigration(): 0:00:00.005342
DoOutMortality(): 0:00:00.000924
Third DoUpdate(): 0:00:00.001786
DoImmigration(): 0:00:00.008585
DoInMortality(): 0:00:00.000051
GetMetrics(): 0:00:00.004669
End Generation/Year Loop23: 0:00:00.037361

DoCDClimate(): 0:00:00.010824
DoMate() and DoOffspring: 0:00:00.002059
Second DoUpdate(): 0:00:00.001250
DoEmigration(): 0:00:00.002153
DoOutMortality(): 0:00:00.000666
Third DoUpdate(): 0:00:00.001495
DoImmigration(): 0:00:00.005530
DoInMortality(): 0:00:00.000037
GetMetrics(): 0:00:00.003298
End Generation/Year Loop24: 0:00:00.027924

DoCDClimate(): 0:00:00.007187
DoMate() and DoOffspring: 0:00:00.001885
Second DoUpdate(): 0:00:00.001970
DoEmigration(): 0:00:00.025417
DoOutMortality(): 0:00:00.001391
Third DoUpdate(): 0:00:00.002196
DoImmigration(): 0:00:00.009338
DoInMortality(): 0:00:00.000050
GetMetrics(): 0:00:00.005001
End Generation/Year Loop25: 0:00:00.055033

DoCDClimate(): 0:00:00.012805
DoMate() and DoOffspring: 0:00:00.002908
Second DoUpdate(): 0:00:00.001821
DoEmigration(): 0:00:00.031236
DoOutMortality(): 0:00:00.000959
Third DoUpdate(): 0:00:00.001979
DoImmigration(): 0:00:00.007928
DoInMortality(): 0:00:00.000035
GetMetrics(): 0:00:00.003564
End Generation/Year Loop26: 0:00:00.064006

DoCDClimate(): 0:00:00.009571
DoMate() and DoOffspring: 0:00:00.001798
Second DoUpdate(): 0:00:00.001451
DoEmigration(): 0:00:00.005839
DoOutMortality(): 0:00:00.001076
Third DoUpdate(): 0:00:00.001966
DoImmigration(): 0:00:00.009990
DoInMortality(): 0:00:00.000084
GetMetrics(): 0:00:00.012028
End Generation/Year Loop27: 0:00:00.044381

DoCDClimate(): 0:00:00.013920
DoMate() and DoOffspring: 0:00:00.002588
Second DoUpdate(): 0:00:00.002210
DoEmigration(): 0:00:00.015565
DoOutMortality(): 0:00:00.002307
Third DoUpdate(): 0:00:00.003516
DoImmigration(): 0:00:00.013685
DoInMortality(): 0:00:00.000050
GetMetrics(): 0:00:00.005175
End Generation/Year Loop28: 0:00:00.059751

DoCDClimate(): 0:00:00.011959
DoMate() and DoOffspring: 0:00:00.002160
Second DoUpdate(): 0:00:00.001844
DoEmigration(): 0:00:00.004934
DoOutMortality(): 0:00:00.002352
Third DoUpdate(): 0:00:00.002025
DoImmigration(): 0:00:00.009256
DoInMortality(): 0:00:00.000050
GetMetrics(): 0:00:00.007413
End Generation/Year Loop29: 0:00:00.042781

DoCDClimate(): 0:00:00.012746
DoMate() and DoOffspring: 0:00:00.002911
Second DoUpdate(): 0:00:00.001889
DoEmigration(): 0:00:00.003015
DoOutMortality(): 0:00:00.001286
Third DoUpdate(): 0:00:00.001782
DoImmigration(): 0:00:00.010208
DoInMortality(): 0:00:00.000051
GetMetrics(): 0:00:00.005072
End Generation/Year Loop30: 0:00:00.039711

DoCDClimate(): 0:00:00.011499
DoMate() and DoOffspring: 0:00:00.003002
Second DoUpdate(): 0:00:00.001542
DoEmigration(): 0:00:00.044422
DoOutMortality(): 0:00:00.000909
Third DoUpdate(): 0:00:00.001878
DoImmigration(): 0:00:00.007401
DoInMortality(): 0:00:00.000034
GetMetrics(): 0:00:00.003483
End Generation/Year Loop31: 0:00:00.074964

DoCDClimate(): 0:00:00.010121
DoMate() and DoOffspring: 0:00:00.002136
Second DoUpdate(): 0:00:00.001961
DoEmigration(): 0:00:00.004166
DoOutMortality(): 0:00:00.001239
Third DoUpdate(): 0:00:00.002745
DoImmigration(): 0:00:00.010272
DoInMortality(): 0:00:00.000035
GetMetrics(): 0:00:00.003629
End Generation/Year Loop32: 0:00:00.037030

DoCDClimate(): 0:00:00.006931
DoMate() and DoOffspring: 0:00:00.002241
Second DoUpdate(): 0:00:00.001111
DoEmigration(): 0:00:00.002063
DoOutMortality(): 0:00:00.000801
Third DoUpdate(): 0:00:00.002113
DoImmigration(): 0:00:00.011238
DoInMortality(): 0:00:00.000070
GetMetrics(): 0:00:00.006611
End Generation/Year Loop33: 0:00:00.033949

DoCDClimate(): 0:00:00.011812
DoMate() and DoOffspring: 0:00:00.002074
Second DoUpdate(): 0:00:00.001662
DoEmigration(): 0:00:00.002900
DoOutMortality(): 0:00:00.000999
Third DoUpdate(): 0:00:00.001643
DoImmigration(): 0:00:00.008459
DoInMortality(): 0:00:00.000051
GetMetrics(): 0:00:00.004836
End Generation/Year Loop34: 0:00:00.035123

DoCDClimate(): 0:00:00.013616
DoMate() and DoOffspring: 0:00:00.002788
Second DoUpdate(): 0:00:00.002121
DoEmigration(): 0:00:00.003627
DoOutMortality(): 0:00:00.001382
Third DoUpdate(): 0:00:00.001629
DoImmigration(): 0:00:00.006269
DoInMortality(): 0:00:00.000048
GetMetrics(): 0:00:00.004718
End Generation/Year Loop35: 0:00:00.036870

DoCDClimate(): 0:00:00.010893
DoMate() and DoOffspring: 0:00:00.002262
Second DoUpdate(): 0:00:00.001437
DoEmigration(): 0:00:00.003826
DoOutMortality(): 0:00:00.000744
Third DoUpdate(): 0:00:00.001475
DoImmigration(): 0:00:00.005300
DoInMortality(): 0:00:00.000050
GetMetrics(): 0:00:00.004506
End Generation/Year Loop36: 0:00:00.031038

DoCDClimate(): 0:00:00.011184
DoMate() and DoOffspring: 0:00:00.001675
Second DoUpdate(): 0:00:00.001139
DoEmigration(): 0:00:00.000038
DoOutMortality(): 0:00:00.000400
Third DoUpdate(): 0:00:00.001117
DoImmigration(): 0:00:00.003819
DoInMortality(): 0:00:00.000046
GetMetrics(): 0:00:00.003645
End Generation/Year Loop37: 0:00:00.024010

DoCDClimate(): 0:00:00.013635
DoMate() and DoOffspring: 0:00:00.001897
Second DoUpdate(): 0:00:00.001462
DoEmigration(): 0:00:00.000044
DoOutMortality(): 0:00:00.000378
Third DoUpdate(): 0:00:00.001287
DoImmigration(): 0:00:00.003923
DoInMortality(): 0:00:00.000052
GetMetrics(): 0:00:00.006835
End Generation/Year Loop38: 0:00:00.030707

DoCDClimate(): 0:00:00.009976
DoMate() and DoOffspring: 0:00:00.003093
Second DoUpdate(): 0:00:00.001754
DoEmigration(): 0:00:00.000040
DoOutMortality(): 0:00:00.000324
Third DoUpdate(): 0:00:00.001205
DoImmigration(): 0:00:00.002788
DoInMortality(): 0:00:00.000046
GetMetrics(): 0:00:00.003819
End Generation/Year Loop39: 0:00:00.024813

DoCDClimate(): 0:00:00.010259
DoMate() and DoOffspring: 0:00:00.001481
The file ind40.csv has been created
Second DoUpdate(): 0:00:00.005256
DoEmigration(): 0:00:00.000046
DoOutMortality(): 0:00:00.000349
The file ind40.csv has been created
Third DoUpdate(): 0:00:00.005771
DoImmigration(): 0:00:00.004546
DoInMortality(): 0:00:00.000070
GetMetrics(): 0:00:00.005362
End Generation/Year Loop40: 0:00:00.034504

DoCDClimate(): 0:00:00.012861
DoMate() and DoOffspring: 0:00:00.001968
Second DoUpdate(): 0:00:00.001267
DoEmigration(): 0:00:00.000041
DoOutMortality(): 0:00:00.001437
Third DoUpdate(): 0:00:00.001729
DoImmigration(): 0:00:00.003688
DoInMortality(): 0:00:00.000051
GetMetrics(): 0:00:00.004772
End Generation/Year Loop41: 0:00:00.029892

DoCDClimate(): 0:00:00.012899
DoMate() and DoOffspring: 0:00:00.002166
Second DoUpdate(): 0:00:00.001261
DoEmigration(): 0:00:00.000041
DoOutMortality(): 0:00:00.000340
Third DoUpdate(): 0:00:00.001316
DoImmigration(): 0:00:00.005189
DoInMortality(): 0:00:00.000110
GetMetrics(): 0:00:00.006106
End Generation/Year Loop42: 0:00:00.030779

DoCDClimate(): 0:00:00.015044
DoMate() and DoOffspring: 0:00:00.001956
Second DoUpdate(): 0:00:00.001289
DoEmigration(): 0:00:00.000038
DoOutMortality(): 0:00:00.000361
Third DoUpdate(): 0:00:00.001368
DoImmigration(): 0:00:00.006293
DoInMortality(): 0:00:00.000058
GetMetrics(): 0:00:00.005113
End Generation/Year Loop43: 0:00:00.032870

DoCDClimate(): 0:00:00.011698
DoMate() and DoOffspring: 0:00:00.002836
Second DoUpdate(): 0:00:00.001475
DoEmigration(): 0:00:00.000041
DoOutMortality(): 0:00:00.000316
Third DoUpdate(): 0:00:00.001281
DoImmigration(): 0:00:00.003140
DoInMortality(): 0:00:00.000052
GetMetrics(): 0:00:00.006845
End Generation/Year Loop44: 0:00:00.028823

DoCDClimate(): 0:00:00.013533
DoMate() and DoOffspring: 0:00:00.002229
Second DoUpdate(): 0:00:00.001358
DoEmigration(): 0:00:00.000040
DoOutMortality(): 0:00:00.000314
Third DoUpdate(): 0:00:00.001242
DoImmigration(): 0:00:00.003198
DoInMortality(): 0:00:00.000052
GetMetrics(): 0:00:00.006248
End Generation/Year Loop45: 0:00:00.029358

DoCDClimate(): 0:00:00.011862
DoMate() and DoOffspring: 0:00:00.003522
Second DoUpdate(): 0:00:00.002219
DoEmigration(): 0:00:00.000047
DoOutMortality(): 0:00:00.000385
Third DoUpdate(): 0:00:00.001346
DoImmigration(): 0:00:00.003160
DoInMortality(): 0:00:00.000048
GetMetrics(): 0:00:00.008398
End Generation/Year Loop46: 0:00:00.032389

DoCDClimate(): 0:00:00.013944
DoMate() and DoOffspring: 0:00:00.004179
Second DoUpdate(): 0:00:00.001505
DoEmigration(): 0:00:00.000040
DoOutMortality(): 0:00:00.000343
Third DoUpdate(): 0:00:00.001325
DoImmigration(): 0:00:00.004670
DoInMortality(): 0:00:00.000052
GetMetrics(): 0:00:00.007648
End Generation/Year Loop47: 0:00:00.035254

DoCDClimate(): 0:00:00.011189
DoMate() and DoOffspring: 0:00:00.003622
Second DoUpdate(): 0:00:00.001349
DoEmigration(): 0:00:00.000040
DoOutMortality(): 0:00:00.000367
Third DoUpdate(): 0:00:00.001292
DoImmigration(): 0:00:00.003186
DoInMortality(): 0:00:00.000051
GetMetrics(): 0:00:00.004316
End Generation/Year Loop48: 0:00:00.026490

Species is extinct.
All species extinct after generation 48, program ended.

The file summary_popAllTime.csv has been created
The file summary_classAllTime.csv has been created
DoPostProcess(): 0:00:00.052995
End Monte Carlo Loop0: 0:00:07.224080

